[07:29:44] [ServerMain/INFO]: Environment: Environment[sessionHost=https://sessionserver.mojang.com, servicesHost=https://api.minecraftservices.com, name=PROD]
[07:29:50] [ServerMain/INFO]: Loaded 1290 recipes
[07:29:50] [ServerMain/INFO]: Loaded 1399 advancements
[07:29:51] [Server thread/INFO]: Starting minecraft server version 1.21
[07:29:51] [Server thread/INFO]: Loading properties
[07:29:51] [Server thread/INFO]: Default game type: SURVIVAL
[07:29:51] [Server thread/INFO]: Generating keypair
[07:29:51] [Server thread/INFO]: Starting Minecraft server on *:25565
[07:29:52] [Server thread/INFO]: Using epoll channel type
[07:29:52] [Server thread/WARN]: **** SERVER IS RUNNING IN OFFLINE/INSECURE MODE!
[07:29:52] [Server thread/WARN]: The server will make no attempt to authenticate usernames. Beware.
[07:29:52] [Server thread/WARN]: While this makes the game possible to play without internet access, it also opens up the ability for hackers to connect with any username they choose.
[07:29:52] [Server thread/WARN]: To change this, set "online-mode" to "true" in the server.properties file.
[07:29:52] [Server thread/INFO]: Preparing level "world"
[07:30:03] [Server thread/INFO]: Preparing start region for dimension minecraft:overworld
[07:30:03] [Worker-Main-1/INFO]: Preparing spawn area: 0%
[07:30:03] [Worker-Main-1/INFO]: Preparing spawn area: 0%
[07:30:04] [Worker-Main-1/INFO]: Preparing spawn area: 16%
[07:30:04] [Server thread/INFO]: Time elapsed: 1536 ms
[07:30:04] [Server thread/INFO]: Done (12.585s)! For help, type "help"
[07:30:43] [Server thread/INFO]: Si_MeduA[/127.178.8.171:52439] logged in with entity id 5 at (1201.7719209063673, 139.0, 868.2010508796612)
[07:30:43] [Server thread/INFO]: Si_MeduA joined the game
[07:30:56] [Server thread/INFO]: Si_MeduA lost connection: Disconnected
[07:30:56] [Server thread/INFO]: Si_MeduA left the game
